<?xml version="1.0" encoding="UTF-8"?>
<testsuite xmlns:xsi="http://www.w3.org/2001/XMLSchema-instance" xsi:noNamespaceSchemaLocation="https://maven.apache.org/surefire/maven-surefire-plugin/xsd/surefire-test-report.xsd" version="3.0.2" name="com.energy.current_percentage_service.CurrentPercentageServiceApplicationTests" time="10.076" tests="1" errors="0" skipped="0" failures="0" flakes="0">
  <properties>
[...]
</properties>
  <testcase name="contextLoads" classname="com.energy.current_percentage_service.CurrentPercentageServiceApplicationTests" time="0.667">
    <system-out><![CDATA[20:50:27.201 [main] INFO org.springframework.test.context.support.AnnotationConfigContextLoaderUtils -- Could not detect default configuration classes for test class [com.energy.current_percentage_service.CurrentPercentageServiceApplicationTests]: CurrentPercentageServiceApplicationTests does not declare any static, non-private, non-final, nested classes annotated with @Configuration.
20:50:27.494 [main] INFO org.springframework.boot.test.context.SpringBootTestContextBootstrapper -- Found @SpringBootConfiguration com.energy.current_percentage_service.CurrentPercentageServiceApplication for test class com.energy.current_percentage_service.CurrentPercentageServiceApplicationTests
20:50:27.725 [main] INFO org.springframework.test.context.support.AnnotationConfigContextLoaderUtils -- Could not detect default configuration classes for test class [com.energy.current_percentage_service.CurrentPercentageServiceApplicationTests]: CurrentPercentageServiceApplicationTests does not declare any static, non-private, non-final, nested classes annotated with @Configuration.
20:50:27.729 [main] INFO org.springframework.boot.test.context.SpringBootTestContextBootstrapper -- Found @SpringBootConfiguration com.energy.current_percentage_service.CurrentPercentageServiceApplication for test class com.energy.current_percentage_service.CurrentPercentageServiceApplicationTests

  .   ____          _            __ _ _
 /\\ / ___'_ __ _ _(_)_ __  __ _ \ \ \ \
( ( )\___ | '_ | '_| | '_ \/ _` | \ \ \ \
 \\/  ___)| |_)| | | | | || (_| |  ) ) ) )
  '  |____| .__|_| |_|_| |_\__, | / / / /
 =========|_|==============|___/=/_/_/_/

 :: Spring Boot ::                (v4.0.6)

2026-06-12T20:50:28.605+02:00  INFO 2512 --- [current-percentage-service] [           main] CurrentPercentageServiceApplicationTests : Starting CurrentPercentageServiceApplicationTests using Java 21.0.11 with PID 2512 (started by atia_ in C:\Users\atia_\Desktop\semesterprojekt\current-percentage-service)
2026-06-12T20:50:28.612+02:00  INFO 2512 --- [current-percentage-service] [           main] CurrentPercentageServiceApplicationTests : No active profile set, falling back to 1 default profile: "default"
2026-06-12T20:50:29.490+02:00  INFO 2512 --- [current-percentage-service] [           main] .s.d.r.c.RepositoryConfigurationDelegate : Bootstrapping Spring Data JPA repositories in DEFAULT mode.
2026-06-12T20:50:29.615+02:00  INFO 2512 --- [current-percentage-service] [           main] .s.d.r.c.RepositoryConfigurationDelegate : Finished Spring Data repository scanning in 105 ms. Found 2 JPA repository interfaces.
2026-06-12T20:50:30.403+02:00  INFO 2512 --- [current-percentage-service] [           main] org.hibernate.orm.jpa                    : HHH008540: Processing PersistenceUnitInfo [name: default]
2026-06-12T20:50:30.585+02:00  INFO 2512 --- [current-percentage-service] [           main] org.hibernate.orm.core                   : HHH000001: Hibernate ORM core version 7.2.12.Final
2026-06-12T20:50:31.643+02:00  INFO 2512 --- [current-percentage-service] [           main] o.s.o.j.p.SpringPersistenceUnitInfo      : No LoadTimeWeaver setup: ignoring JPA class transformer
2026-06-12T20:50:31.740+02:00  INFO 2512 --- [current-percentage-service] [           main] com.zaxxer.hikari.HikariDataSource       : HikariPool-1 - Starting...
2026-06-12T20:50:32.284+02:00  INFO 2512 --- [current-percentage-service] [           main] com.zaxxer.hikari.pool.HikariPool        : HikariPool-1 - Added connection org.postgresql.jdbc.PgConnection@22429a11
2026-06-12T20:50:32.287+02:00  INFO 2512 --- [current-percentage-service] [           main] com.zaxxer.hikari.HikariDataSource       : HikariPool-1 - Start completed.
2026-06-12T20:50:32.402+02:00  WARN 2512 --- [current-percentage-service] [           main] org.hibernate.orm.deprecation            : HHH90000025: PostgreSQLDialect does not need to be specified explicitly using 'hibernate.dialect' (remove the property setting and it will be selected by default)
2026-06-12T20:50:32.489+02:00  INFO 2512 --- [current-percentage-service] [           main] org.hibernate.orm.connections.pooling    : HHH10001005: Database info:
	Database JDBC URL [jdbc:postgresql://localhost:5433/energydb]
	Database driver: PostgreSQL JDBC Driver
	Database dialect: PostgreSQLDialect
	Database version: 18.3
	Default catalog/schema: energydb/public
	Autocommit mode: undefined/unknown
	Isolation level: READ_COMMITTED [default READ_COMMITTED]
	JDBC fetch size: none
	Pool: DataSourceConnectionProvider
	Minimum pool size: undefined/unknown
	Maximum pool size: undefined/unknown
2026-06-12T20:50:34.403+02:00  INFO 2512 --- [current-percentage-service] [           main] org.hibernate.orm.core                   : HHH000489: No JTA platform available (set 'hibernate.transaction.jta.platform' to enable JTA platform integration)
2026-06-12T20:50:34.548+02:00  INFO 2512 --- [current-percentage-service] [           main] j.LocalContainerEntityManagerFactoryBean : Initialized JPA EntityManagerFactory for persistence unit 'default'
2026-06-12T20:50:34.687+02:00  INFO 2512 --- [current-percentage-service] [           main] o.s.d.j.r.query.QueryEnhancerFactories   : Hibernate is in classpath; If applicable, HQL parser will be used.
2026-06-12T20:50:35.607+02:00  INFO 2512 --- [current-percentage-service] [           main] o.s.a.r.c.CachingConnectionFactory       : Attempting to connect to: [localhost:5672]
2026-06-12T20:50:35.957+02:00  INFO 2512 --- [current-percentage-service] [           main] o.s.a.r.c.CachingConnectionFactory       : Created new connection: rabbitConnectionFactory#423791:0/SimpleConnection@5e89e527 [delegate=amqp://guest@127.0.0.1:5672/, localPort=62551]
2026-06-12T20:50:36.102+02:00  INFO 2512 --- [current-percentage-service] [           main] CurrentPercentageServiceApplicationTests : Started CurrentPercentageServiceApplicationTests in 8.218 seconds (process running for 10.997)
]]></system-out>
    <system-err><![CDATA[Mockito is currently self-attaching to enable the inline-mock-maker. This will no longer work in future releases of the JDK. Please add Mockito as an agent to your build as described in Mockito's documentation: https://javadoc.io/doc/org.mockito/mockito-core/latest/org.mockito/org/mockito/Mockito.html#0.3
WARNING: A Java agent has been loaded dynamically (C:\Users\atia_\.m2\repository\net\bytebuddy\byte-buddy-agent\1.17.8\byte-buddy-agent-1.17.8.jar)
WARNING: If a serviceability tool is in use, please run with -XX:+EnableDynamicAgentLoading to hide this warning
WARNING: If a serviceability tool is not in use, please run with -Djdk.instrument.traceUsage for more information
WARNING: Dynamic loading of agents will be disallowed by default in a future release
]]></system-err>
  </testcase>
</testsuite>